<html>
<head>
<title>TestNG:  Test</title>
<link href="../testng.css" rel="stylesheet" type="text/css" />
<link href="../my-testng.css" rel="stylesheet" type="text/css" />

<style type="text/css">
.log { display: none;} 
.stack-trace { display: none;} 
</style>
<script type="text/javascript">
<!--
function flip(e) {
  current = e.style.display;
  if (current == 'block') {
    e.style.display = 'none';
    return 0;
  }
  else {
    e.style.display = 'block';
    return 1;
  }
}

function toggleBox(szDivId, elem, msg1, msg2)
{
  var res = -1;  if (document.getElementById) {
    res = flip(document.getElementById(szDivId));
  }
  else if (document.all) {
    // this is the way old msie versions work
    res = flip(document.all[szDivId]);
  }
  if(elem) {
    if(res == 0) elem.innerHTML = msg1; else elem.innerHTML = msg2;
  }

}

function toggleAllBoxes() {
  if (document.getElementsByTagName) {
    d = document.getElementsByTagName('div');
    for (i = 0; i < d.length; i++) {
      if (d[i].className == 'log') {
        flip(d[i]);
      }
    }
  }
}

// -->
</script>

</head>
<body>
<h2 align='center'>Test</h2><table border='1' align="center">
<tr>
<td>Tests passed/Failed/Skipped:</td><td>9/0/1</td>
</tr><tr>
<td>Started on:</td><td>Tue Jul 11 15:51:11 IST 2023</td>
</tr>
<tr><td>Total time:</td><td>68 seconds (68102 ms)</td>
</tr><tr>
<td>Included groups:</td><td></td>
</tr><tr>
<td>Excluded groups:</td><td></td>
</tr>
</table><p/>
<small><i>(Hover the method name to see the test class name)</i></small><p/>
<table width='100%' border='1' class='invocation-passed'>
<tr><td colspan='4' align='center'><b>PASSED TESTS</b></td></tr>
<tr><td><b>Test method</b></td>
<td width="30%"><b>Exception</b></td>
<td width="10%"><b>Time (seconds)</b></td>
<td><b>Instance</b></td>
</tr>
<tr>
<td title='org.techpanda.testscrits.TestData.printData()'><b>printData</b><br>Test class: org.techpanda.testscrits.TestData<br>Parameters: j, k, l</td>
<td></td>
<td>0</td>
<td>org.techpanda.testscrits.TestData@64a40280</td></tr>
<tr>
<td title='org.techpanda.testscrits.TestMobile.testQtyCart()'><b>testQtyCart</b><br>Test class: org.techpanda.testscrits.TestMobile<br/>
<a href="#Output-1881218633" onClick='toggleBox("Output-1881218633", this, "Show output", "Hide output");'>Show output</a>

<a href="#Output-1881218633" onClick="toggleAllBoxes();">Show all outputs</a>
<div class='log' id="Output-1881218633">
* The maximum quantity allowed for purchase is 500.<br/>
You have no items in your shopping cart.<br/>
</div>
</td>
<td></td>
<td>5</td>
<td>org.techpanda.testscrits.TestMobile@7fb95505</td></tr>
<tr>
<td title='org.techpanda.testscrits.TestData.printData()'><b>printData</b><br>Test class: org.techpanda.testscrits.TestData<br>Parameters: g, h, i</td>
<td></td>
<td>0</td>
<td>org.techpanda.testscrits.TestData@64a40280</td></tr>
<tr>
<td title='org.techpanda.testscrits.TestMobile.testMobileList()'><b>testMobileList</b><br>Test class: org.techpanda.testscrits.TestMobile</td>
<td></td>
<td>3</td>
<td>org.techpanda.testscrits.TestMobile@7fb95505</td></tr>
<tr>
<td title='org.techpanda.testscrits.TestCreateAccount.createAccountAndShareWhishList()'><b>createAccountAndShareWhishList</b><br>Test class: org.techpanda.testscrits.TestCreateAccount<br/>
<a href="#Output-1183912264" onClick='toggleBox("Output-1183912264", this, "Show output", "Hide output");'>Show output</a>

<a href="#Output-1183912264" onClick="toggleAllBoxes();">Show all outputs</a>
<div class='log' id="Output-1183912264">
Thank you for registering with Main Website Store.<br/>
</div>
</td>
<td></td>
<td>9</td>
<td>org.techpanda.testscrits.TestCreateAccount@4b40f651</td></tr>
<tr>
<td title='org.techpanda.testscrits.TestMobile.testPrice()'><b>testPrice</b><br>Test class: org.techpanda.testscrits.TestMobile</td>
<td></td>
<td>4</td>
<td>org.techpanda.testscrits.TestMobile@7fb95505</td></tr>
<tr>
<td title='org.techpanda.testscrits.TestData.printData()'><b>printData</b><br>Test class: org.techpanda.testscrits.TestData<br>Parameters: d, e, f</td>
<td></td>
<td>0</td>
<td>org.techpanda.testscrits.TestData@64a40280</td></tr>
<tr>
<td title='org.techpanda.testscrits.TestMobile.testComparision()'><b>testComparision</b><br>Test class: org.techpanda.testscrits.TestMobile</td>
<td></td>
<td>5</td>
<td>org.techpanda.testscrits.TestMobile@7fb95505</td></tr>
<tr>
<td title='org.techpanda.testscrits.TestData.printData()'><b>printData</b><br>Test class: org.techpanda.testscrits.TestData<br>Parameters: a, b, c</td>
<td></td>
<td>0</td>
<td>org.techpanda.testscrits.TestData@64a40280</td></tr>
</table><p>
<table width='100%' border='1' class='invocation-skipped'>
<tr><td colspan='4' align='center'><b>SKIPPED TESTS</b></td></tr>
<tr><td><b>Test method</b></td>
<td width="30%"><b>Exception</b></td>
<td width="10%"><b>Time (seconds)</b></td>
<td><b>Instance</b></td>
</tr>
<tr>
<td title='org.techpanda.testscrits.TestCreateAccount.createAccountAndShareWhishList()'><b>createAccountAndShareWhishList</b><br>Test class: org.techpanda.testscrits.TestCreateAccount<br/>
<a href="#Output-1241128308" onClick='toggleBox("Output-1241128308", this, "Show output", "Hide output");'>Show output</a>

<a href="#Output-1241128308" onClick="toggleAllBoxes();">Show all outputs</a>
<div class='log' id="Output-1241128308">
There is already an account with this email address. If you are sure that it is your email address, click here to get your password and access your account.<br/>
</div>
</td>
<td><div><pre>org.openqa.selenium.NoSuchElementException: Unable to locate element: //span[text()=&apos;Share Wishlist&apos;]
For documentation on this error, please visit: https://www.seleniumhq.org/exceptions/no_such_element.html
Build info: version: &apos;3.141.59&apos;, revision: &apos;e82be7d358&apos;, time: &apos;2018-11-14T08:17:03&apos;
System info: host: &apos;PRASHANTH&apos;, ip: &apos;192.168.0.153&apos;, os.name: &apos;Windows 11&apos;, os.arch: &apos;amd64&apos;, os.version: &apos;10.0&apos;, java.version: &apos;17.0.7&apos;
Driver info: org.openqa.selenium.firefox.FirefoxDriver
Capabilities {acceptInsecureCerts: true, browserName: firefox, browserVersion: 115.0.1, javascriptEnabled: true, moz:accessibilityChecks: false, moz:buildID: 20230706202047, moz:geckodriverVersion: 0.33.0, moz:headless: false, moz:platformVersion: 10.0, moz:processID: 35804, moz:profile: C:\Users\PRASHA~1\AppData\L..., moz:shutdownTimeout: 60000, moz:useNonSpecCompliantPointerOrigin: false, moz:webdriverClick: true, moz:windowless: false, pageLoadStrategy: normal, platform: WINDOWS, platformName: WINDOWS, proxy: Proxy(), setWindowRect: true, strictFileInteractability: false, timeouts: {implicit: 0, pageLoad: 300000, script: 30000}, unhandledPromptBehavior: dismiss and notify}
Session ID: de3433eb-b2f6-42ea-8ede-4c1de6e3e890
*** Element info: {Using=xpath, value=//span[text()=&apos;Share Wishlist&apos;]}
	at org.openqa.selenium.remote.http.W3CHttpResponseCodec.createException(W3CHttpResponseCodec.java:187)
	at org.openqa.selenium.remote.http.W3CHttpResponseCodec.decode(W3CHttpResponseCodec.java:122)
	at org.openqa.selenium.remote.http.W3CHttpResponseCodec.decode(W3CHttpResponseCodec.java:49)
	at org.openqa.selenium.remote.HttpCommandExecutor.execute(HttpCommandExecutor.java:158)
	at org.openqa.selenium.remote.service.DriverCommandExecutor.execute(DriverCommandExecutor.java:83)
	at org.openqa.selenium.remote.RemoteWebDriver.execute(RemoteWebDriver.java:552)
	at org.openqa.selenium.remote.RemoteWebDriver.findElement(RemoteWebDriver.java:323)
	at org.openqa.selenium.remote.RemoteWebDriver.findElementByXPath(RemoteWebDriver.java:428)
	at org.openqa.selenium.By$ByXPath.findElement(By.java:353)
	at org.openqa.selenium.remote.RemoteWebDriver.findElement(RemoteWebDriver.java:315)
	at org.openqa.selenium.support.pagefactory.DefaultElementLocator.findElement(DefaultElementLocator.java:69)
	at org.openqa.selenium.support.pagefactory.internal.LocatingElementHandler.invoke(LocatingElementHandler.java:38)
	at jdk.proxy2/jdk.proxy2.$Proxy14.click(Unknown Source)
	at org.techpanda.pom.TV.shareWhishList(TV.java:40)
	at org.techpanda.testscrits.TestCreateAccount.createAccountAndShareWhishList(TestCreateAccount.java:37)
	at java.base/java.util.ArrayList.forEach(ArrayList.java:1511)
... Removed 32 stack frames</pre></div><a href='#' onClick='toggleBox("stack-trace1241128308", this, "Click to show all stack frames", "Click to hide stack frames")'>Click to show all stack frames</a>
<div class='stack-trace' id='stack-trace1241128308'><pre>org.openqa.selenium.NoSuchElementException: Unable to locate element: //span[text()=&apos;Share Wishlist&apos;]
For documentation on this error, please visit: https://www.seleniumhq.org/exceptions/no_such_element.html
Build info: version: &apos;3.141.59&apos;, revision: &apos;e82be7d358&apos;, time: &apos;2018-11-14T08:17:03&apos;
System info: host: &apos;PRASHANTH&apos;, ip: &apos;192.168.0.153&apos;, os.name: &apos;Windows 11&apos;, os.arch: &apos;amd64&apos;, os.version: &apos;10.0&apos;, java.version: &apos;17.0.7&apos;
Driver info: org.openqa.selenium.firefox.FirefoxDriver
Capabilities {acceptInsecureCerts: true, browserName: firefox, browserVersion: 115.0.1, javascriptEnabled: true, moz:accessibilityChecks: false, moz:buildID: 20230706202047, moz:geckodriverVersion: 0.33.0, moz:headless: false, moz:platformVersion: 10.0, moz:processID: 35804, moz:profile: C:\Users\PRASHA~1\AppData\L..., moz:shutdownTimeout: 60000, moz:useNonSpecCompliantPointerOrigin: false, moz:webdriverClick: true, moz:windowless: false, pageLoadStrategy: normal, platform: WINDOWS, platformName: WINDOWS, proxy: Proxy(), setWindowRect: true, strictFileInteractability: false, timeouts: {implicit: 0, pageLoad: 300000, script: 30000}, unhandledPromptBehavior: dismiss and notify}
Session ID: de3433eb-b2f6-42ea-8ede-4c1de6e3e890
*** Element info: {Using=xpath, value=//span[text()=&apos;Share Wishlist&apos;]}
	at java.base/jdk.internal.reflect.NativeConstructorAccessorImpl.newInstance0(Native Method)
	at java.base/jdk.internal.reflect.NativeConstructorAccessorImpl.newInstance(NativeConstructorAccessorImpl.java:77)
	at java.base/jdk.internal.reflect.DelegatingConstructorAccessorImpl.newInstance(DelegatingConstructorAccessorImpl.java:45)
	at java.base/java.lang.reflect.Constructor.newInstanceWithCaller(Constructor.java:499)
	at java.base/java.lang.reflect.Constructor.newInstance(Constructor.java:480)
	at org.openqa.selenium.remote.http.W3CHttpResponseCodec.createException(W3CHttpResponseCodec.java:187)
	at org.openqa.selenium.remote.http.W3CHttpResponseCodec.decode(W3CHttpResponseCodec.java:122)
	at org.openqa.selenium.remote.http.W3CHttpResponseCodec.decode(W3CHttpResponseCodec.java:49)
	at org.openqa.selenium.remote.HttpCommandExecutor.execute(HttpCommandExecutor.java:158)
	at org.openqa.selenium.remote.service.DriverCommandExecutor.execute(DriverCommandExecutor.java:83)
	at org.openqa.selenium.remote.RemoteWebDriver.execute(RemoteWebDriver.java:552)
	at org.openqa.selenium.remote.RemoteWebDriver.findElement(RemoteWebDriver.java:323)
	at org.openqa.selenium.remote.RemoteWebDriver.findElementByXPath(RemoteWebDriver.java:428)
	at org.openqa.selenium.By$ByXPath.findElement(By.java:353)
	at org.openqa.selenium.remote.RemoteWebDriver.findElement(RemoteWebDriver.java:315)
	at org.openqa.selenium.support.pagefactory.DefaultElementLocator.findElement(DefaultElementLocator.java:69)
	at org.openqa.selenium.support.pagefactory.internal.LocatingElementHandler.invoke(LocatingElementHandler.java:38)
	at jdk.proxy2/jdk.proxy2.$Proxy14.click(Unknown Source)
	at org.techpanda.pom.TV.shareWhishList(TV.java:40)
	at org.techpanda.testscrits.TestCreateAccount.createAccountAndShareWhishList(TestCreateAccount.java:37)
	at java.base/jdk.internal.reflect.NativeMethodAccessorImpl.invoke0(Native Method)
	at java.base/jdk.internal.reflect.NativeMethodAccessorImpl.invoke(NativeMethodAccessorImpl.java:77)
	at java.base/jdk.internal.reflect.DelegatingMethodAccessorImpl.invoke(DelegatingMethodAccessorImpl.java:43)
	at java.base/java.lang.reflect.Method.invoke(Method.java:568)
	at org.testng.internal.MethodInvocationHelper.invokeMethod(MethodInvocationHelper.java:133)
	at org.testng.internal.TestInvoker.invokeMethod(TestInvoker.java:598)
	at org.testng.internal.TestInvoker.invokeTestMethod(TestInvoker.java:173)
	at org.testng.internal.MethodRunner.runInSequence(MethodRunner.java:46)
	at org.testng.internal.TestInvoker$MethodInvocationAgent.invoke(TestInvoker.java:824)
	at org.testng.internal.TestInvoker.invokeTestMethods(TestInvoker.java:146)
	at org.testng.internal.TestMethodWorker.invokeTestMethods(TestMethodWorker.java:146)
	at org.testng.internal.TestMethodWorker.run(TestMethodWorker.java:128)
	at java.base/java.util.ArrayList.forEach(ArrayList.java:1511)
	at org.testng.TestRunner.privateRun(TestRunner.java:794)
	at org.testng.TestRunner.run(TestRunner.java:596)
	at org.testng.SuiteRunner.runTest(SuiteRunner.java:377)
	at org.testng.SuiteRunner.runSequentially(SuiteRunner.java:371)
	at org.testng.SuiteRunner.privateRun(SuiteRunner.java:332)
	at org.testng.SuiteRunner.run(SuiteRunner.java:276)
	at org.testng.SuiteRunnerWorker.runSuite(SuiteRunnerWorker.java:53)
	at org.testng.SuiteRunnerWorker.run(SuiteRunnerWorker.java:96)
	at org.testng.TestNG.runSuitesSequentially(TestNG.java:1212)
	at org.testng.TestNG.runSuitesLocally(TestNG.java:1134)
	at org.testng.TestNG.runSuites(TestNG.java:1063)
	at org.testng.TestNG.run(TestNG.java:1031)
	at org.testng.remote.AbstractRemoteTestNG.run(AbstractRemoteTestNG.java:115)
	at org.testng.remote.RemoteTestNG.initAndRun(RemoteTestNG.java:251)
	at org.testng.remote.RemoteTestNG.main(RemoteTestNG.java:77)
</pre></div></td>
<td>16</td>
<td>org.techpanda.testscrits.TestCreateAccount@4b40f651</td></tr>
</table><p>
</body>
</html>